c:\users\fatmir\source\repos\fatmirgusaniwork\bank\debug\vc142.pdb
c:\users\fatmir\source\repos\fatmirgusaniwork\bank\debug\vc142.idb
c:\users\fatmir\source\repos\fatmirgusaniwork\bank\debug\register.obj
c:\users\fatmir\source\repos\fatmirgusaniwork\bank\debug\main.obj
c:\users\fatmir\source\repos\fatmirgusaniwork\bank\debug\bank.obj
c:\users\fatmir\source\repos\fatmirgusaniwork\bank\debug\function.obj
c:\users\fatmir\source\repos\fatmirgusaniwork\debug\bank.pdb
c:\users\fatmir\source\repos\fatmirgusaniwork\bank\debug\bank.tlog\cl.command.1.tlog
c:\users\fatmir\source\repos\fatmirgusaniwork\bank\debug\bank.tlog\cl.read.1.tlog
c:\users\fatmir\source\repos\fatmirgusaniwork\bank\debug\bank.tlog\cl.write.1.tlog
c:\users\fatmir\source\repos\fatmirgusaniwork\bank\debug\bank.tlog\link-cvtres.read.1.tlog
c:\users\fatmir\source\repos\fatmirgusaniwork\bank\debug\bank.tlog\link-cvtres.write.1.tlog
c:\users\fatmir\source\repos\fatmirgusaniwork\bank\debug\bank.tlog\link-rc.read.1.tlog
c:\users\fatmir\source\repos\fatmirgusaniwork\bank\debug\bank.tlog\link-rc.write.1.tlog
c:\users\fatmir\source\repos\fatmirgusaniwork\bank\debug\bank.tlog\link.12192-cvtres.read.1.tlog
c:\users\fatmir\source\repos\fatmirgusaniwork\bank\debug\bank.tlog\link.12192-cvtres.write.1.tlog
c:\users\fatmir\source\repos\fatmirgusaniwork\bank\debug\bank.tlog\link.12192-rc.read.1.tlog
c:\users\fatmir\source\repos\fatmirgusaniwork\bank\debug\bank.tlog\link.12192-rc.write.1.tlog
c:\users\fatmir\source\repos\fatmirgusaniwork\bank\debug\bank.tlog\link.12192.read.1.tlog
c:\users\fatmir\source\repos\fatmirgusaniwork\bank\debug\bank.tlog\link.12192.write.1.tlog
c:\users\fatmir\source\repos\fatmirgusaniwork\bank\debug\bank.tlog\link.command.1.tlog
c:\users\fatmir\source\repos\fatmirgusaniwork\bank\debug\bank.tlog\link.read.1.tlog
c:\users\fatmir\source\repos\fatmirgusaniwork\bank\debug\bank.tlog\link.write.1.tlog
